<?xml version="1.0" encoding="UTF-8"?>
<testng-results skipped="0" failed="0" ignored="0" total="2" passed="2">
  <reporter-output>
  </reporter-output>
  <suite name="Suite" duration-ms="70257" started-at="2022-10-16T11:18:58 UZT" finished-at="2022-10-16T11:20:08 UZT">
    <groups>
    </groups>
    <test name="Test" duration-ms="70257" started-at="2022-10-16T11:18:58 UZT" finished-at="2022-10-16T11:20:08 UZT">
      <class name="automation.SearchKeyboardTest">
        <test-method status="PASS" signature="initialize()[pri:0, instance:automation.SearchKeyboardTest@e720b71]" name="initialize" is-config="true" duration-ms="11195" started-at="2022-10-16T11:19:12 UZT" finished-at="2022-10-16T11:19:24 UZT">
          <reporter-output>
          </reporter-output>
        </test-method> <!-- initialize -->
        <test-method status="PASS" signature="keyboardValidation()[pri:0, instance:automation.SearchKeyboardTest@e720b71]" name="keyboardValidation" duration-ms="26756" started-at="2022-10-16T11:19:39 UZT" finished-at="2022-10-16T11:20:06 UZT">
          <reporter-output>
          </reporter-output>
        </test-method> <!-- keyboardValidation -->
        <test-method status="PASS" signature="teardown()[pri:0, instance:automation.SearchKeyboardTest@e720b71]" name="teardown" is-config="true" duration-ms="1128" started-at="2022-10-16T11:20:06 UZT" finished-at="2022-10-16T11:20:07 UZT">
          <reporter-output>
          </reporter-output>
        </test-method> <!-- teardown -->
      </class> <!-- automation.SearchKeyboardTest -->
      <class name="automation.LoginAppTest">
        <test-method status="PASS" signature="initialize()[pri:0, instance:automation.LoginAppTest@87f383f]" name="initialize" is-config="true" duration-ms="14788" started-at="2022-10-16T11:18:58 UZT" finished-at="2022-10-16T11:19:12 UZT">
          <reporter-output>
          </reporter-output>
        </test-method> <!-- initialize -->
        <test-method status="PASS" signature="loginAppValidation(java.lang.String,java.lang.String)[pri:0, instance:automation.LoginAppTest@87f383f]" name="loginAppValidation" duration-ms="13491" started-at="2022-10-16T11:19:26 UZT" data-provider="getData" finished-at="2022-10-16T11:19:39 UZT">
          <params>
            <param index="0">
              <value>
                <![CDATA[tester999.test]]>
              </value>
            </param>
            <param index="1">
              <value>
                <![CDATA[Tester@2022]]>
              </value>
            </param>
          </params>
          <reporter-output>
          </reporter-output>
        </test-method> <!-- loginAppValidation -->
        <test-method status="PASS" signature="teardown()[pri:0, instance:automation.LoginAppTest@87f383f]" name="teardown" is-config="true" duration-ms="887" started-at="2022-10-16T11:20:07 UZT" finished-at="2022-10-16T11:20:08 UZT">
          <reporter-output>
          </reporter-output>
        </test-method> <!-- teardown -->
      </class> <!-- automation.LoginAppTest -->
    </test> <!-- Test -->
  </suite> <!-- Suite -->
</testng-results>
