<?xml version="1.0" encoding="UTF-8"?>
<testng-results skipped="0" failed="0" ignored="0" total="1" passed="1">
  <reporter-output>
  </reporter-output>
  <suite name="Default suite" duration-ms="24584" started-at="2022-10-16T11:11:27 UZT" finished-at="2022-10-16T11:11:51 UZT">
    <groups>
    </groups>
    <test name="Default test" duration-ms="24584" started-at="2022-10-16T11:11:27 UZT" finished-at="2022-10-16T11:11:51 UZT">
      <class name="automation.SearchKeyboardTest">
        <test-method status="PASS" signature="initialize()[pri:0, instance:automation.SearchKeyboardTest@5427c60c]" name="initialize" is-config="true" duration-ms="13263" started-at="2022-10-16T11:11:27 UZT" finished-at="2022-10-16T11:11:40 UZT">
          <reporter-output>
          </reporter-output>
        </test-method> <!-- initialize -->
        <test-method status="PASS" signature="keyboardValidation()[pri:0, instance:automation.SearchKeyboardTest@5427c60c]" name="keyboardValidation" duration-ms="10420" started-at="2022-10-16T11:11:40 UZT" finished-at="2022-10-16T11:11:50 UZT">
          <reporter-output>
          </reporter-output>
        </test-method> <!-- keyboardValidation -->
        <test-method status="PASS" signature="teardown()[pri:0, instance:automation.SearchKeyboardTest@5427c60c]" name="teardown" is-config="true" duration-ms="830" started-at="2022-10-16T11:11:50 UZT" finished-at="2022-10-16T11:11:51 UZT">
          <reporter-output>
          </reporter-output>
        </test-method> <!-- teardown -->
      </class> <!-- automation.SearchKeyboardTest -->
    </test> <!-- Default test -->
  </suite> <!-- Default suite -->
</testng-results>
